Using pre-set license
Built from '2021.3/staging' branch; Version is '2021.3.1f1 (3b70a0754835) revision 3895456'; Using compiler version '192829333'; Build Type 'Release'
OS: 'Windows 10  (10.0.19042) 64bit Professional' Language: 'pt' Physical Memory: 12248 MB
BatchMode: 1, IsHumanControllingUs: 0, StartBugReporterOnCrash: 0, Is64bit: 1, IsPro: 1

COMMAND LINE ARGUMENTS:
C:\Program Files\Unity\Hub\Editor\2021.3.1f1\Editor\Unity.exe
-adb2
-batchMode
-noUpm
-name
AssetImportWorker0
-projectPath
C:/Users/W10/Desktop/NavMeshStationStarter
-logFile
Logs/AssetImportWorker0.log
-srvPort
54781
Successfully changed project path to: C:/Users/W10/Desktop/NavMeshStationStarter
C:/Users/W10/Desktop/NavMeshStationStarter
[UnityMemory] Configuration Parameters - Can be set up in boot.config
    "memorysetup-bucket-allocator-granularity=16"
    "memorysetup-bucket-allocator-bucket-count=8"
    "memorysetup-bucket-allocator-block-size=33554432"
    "memorysetup-bucket-allocator-block-count=8"
    "memorysetup-main-allocator-block-size=16777216"
    "memorysetup-thread-allocator-block-size=16777216"
    "memorysetup-gfx-main-allocator-block-size=16777216"
    "memorysetup-gfx-thread-allocator-block-size=16777216"
    "memorysetup-cache-allocator-block-size=4194304"
    "memorysetup-typetree-allocator-block-size=2097152"
    "memorysetup-profiler-bucket-allocator-granularity=16"
    "memorysetup-profiler-bucket-allocator-bucket-count=8"
    "memorysetup-profiler-bucket-allocator-block-size=33554432"
    "memorysetup-profiler-bucket-allocator-block-count=8"
    "memorysetup-profiler-allocator-block-size=16777216"
    "memorysetup-profiler-editor-allocator-block-size=1048576"
    "memorysetup-temp-allocator-size-main=16777216"
    "memorysetup-job-temp-allocator-block-size=2097152"
    "memorysetup-job-temp-allocator-block-size-background=1048576"
    "memorysetup-job-temp-allocator-reduction-small-platforms=262144"
    "memorysetup-temp-allocator-size-background-worker=32768"
    "memorysetup-temp-allocator-size-job-worker=262144"
    "memorysetup-temp-allocator-size-preload-manager=33554432"
    "memorysetup-temp-allocator-size-nav-mesh-worker=65536"
    "memorysetup-temp-allocator-size-audio-worker=65536"
    "memorysetup-temp-allocator-size-cloud-worker=32768"
    "memorysetup-temp-allocator-size-gi-baking-worker=262144"
    "memorysetup-temp-allocator-size-gfx=262144"
Refreshing native plugins compatible for Editor in 250.67 ms, found 3 plugins.
Preloading 0 native plugins for Editor in 0.00 ms.
Initialize engine version: 2021.3.1f1 (3b70a0754835)
[Subsystems] Discovering subsystems at path C:/Program Files/Unity/Hub/Editor/2021.3.1f1/Editor/Data/Resources/UnitySubsystems
[Subsystems] Discovering subsystems at path C:/Users/W10/Desktop/NavMeshStationStarter/Assets
GfxDevice: creating device client; threaded=0; jobified=0
Direct3D:
    Version:  Direct3D 11.0 [level 11.1]
    Renderer: NVIDIA GeForce GTX 1050 Ti (ID=0x1c82)
    Vendor:   NVIDIA
    VRAM:     4018 MB
    Driver:   27.21.14.5671
Initialize mono
Mono path[0] = 'C:/Program Files/Unity/Hub/Editor/2021.3.1f1/Editor/Data/Managed'
Mono path[1] = 'C:/Program Files/Unity/Hub/Editor/2021.3.1f1/Editor/Data/MonoBleedingEdge/lib/mono/unityjit-win32'
Mono config path = 'C:/Program Files/Unity/Hub/Editor/2021.3.1f1/Editor/Data/MonoBleedingEdge/etc'
Using monoOptions --debugger-agent=transport=dt_socket,embedding=1,server=y,suspend=n,address=127.0.0.1:56048
Begin MonoManager ReloadAssembly
Registering precompiled unity dll's ...
Register platform support module: C:/Program Files/Unity/Hub/Editor/2021.3.1f1/Editor/Data/PlaybackEngines/WebGLSupport/UnityEditor.WebGL.Extensions.dll
Register platform support module: C:/Program Files/Unity/Hub/Editor/2021.3.1f1/Editor/Data/PlaybackEngines/WindowsStandaloneSupport/UnityEditor.WindowsStandalone.Extensions.dll
Registered in 0.011121 seconds.
Native extension for WindowsStandalone target not found
Native extension for WebGL target not found
Refreshing native plugins compatible for Editor in 89.14 ms, found 3 plugins.
Preloading 0 native plugins for Editor in 0.00 ms.
Mono: successfully reloaded assembly
- Completed reload, in  1.278 seconds
Domain Reload Profiling:
	ReloadAssembly (1279ms)
		BeginReloadAssembly (118ms)
			ExecutionOrderSort (0ms)
			DisableScriptedObjects (0ms)
			BackupInstance (0ms)
			ReleaseScriptingObjects (0ms)
			CreateAndSetChildDomain (1ms)
		EndReloadAssembly (988ms)
			LoadAssemblies (114ms)
			RebuildTransferFunctionScriptingTraits (0ms)
			SetupTypeCache (155ms)
			ReleaseScriptCaches (0ms)
			RebuildScriptCaches (38ms)
			SetupLoadedEditorAssemblies (726ms)
				LogAssemblyErrors (0ms)
				InitializePlatformSupportModulesInManaged (12ms)
				SetLoadedEditorAssemblies (0ms)
				RefreshPlugins (369ms)
				BeforeProcessingInitializeOnLoad (3ms)
				ProcessInitializeOnLoadAttributes (278ms)
				ProcessInitializeOnLoadMethodAttributes (64ms)
				AfterProcessingInitializeOnLoad (0ms)
				EditorAssembliesLoaded (0ms)
			ExecutionOrderSort2 (0ms)
			AwakeInstancesAfterBackupRestoration (0ms)
Platform modules already initialized, skipping
Registering precompiled user dll's ...
Registered in 0.007528 seconds.
Begin MonoManager ReloadAssembly
Native extension for WindowsStandalone target not found
Native extension for WebGL target not found
Refreshing native plugins compatible for Editor in 0.88 ms, found 3 plugins.
Preloading 0 native plugins for Editor in 0.00 ms.
Mono: successfully reloaded assembly
- Completed reload, in  2.687 seconds
Domain Reload Profiling:
	ReloadAssembly (2688ms)
		BeginReloadAssembly (252ms)
			ExecutionOrderSort (0ms)
			DisableScriptedObjects (11ms)
			BackupInstance (0ms)
			ReleaseScriptingObjects (0ms)
			CreateAndSetChildDomain (26ms)
		EndReloadAssembly (2138ms)
			LoadAssemblies (226ms)
			RebuildTransferFunctionScriptingTraits (0ms)
			SetupTypeCache (542ms)
			ReleaseScriptCaches (2ms)
			RebuildScriptCaches (200ms)
			SetupLoadedEditorAssemblies (1037ms)
				LogAssemblyErrors (0ms)
				InitializePlatformSupportModulesInManaged (21ms)
				SetLoadedEditorAssemblies (1ms)
				RefreshPlugins (1ms)
				BeforeProcessingInitializeOnLoad (356ms)
				ProcessInitializeOnLoadAttributes (581ms)
				ProcessInitializeOnLoadMethodAttributes (48ms)
				AfterProcessingInitializeOnLoad (29ms)
				EditorAssembliesLoaded (0ms)
			ExecutionOrderSort2 (0ms)
			AwakeInstancesAfterBackupRestoration (30ms)
Platform modules already initialized, skipping
========================================================================
Worker process is ready to serve import requests
Launched and connected shader compiler UnityShaderCompiler.exe after 0.22 seconds
Refreshing native plugins compatible for Editor in 1.77 ms, found 3 plugins.
Preloading 0 native plugins for Editor in 0.00 ms.
Unloading 3122 Unused Serialized files (Serialized files now loaded: 0)
Unloading 27 unused Assets / (244.6 KB). Loaded Objects now: 3578.
Memory consumption went from 110.4 MB to 110.2 MB.
Total: 9.381400 ms (FindLiveObjects: 0.624800 ms CreateObjectMapping: 0.337200 ms MarkObjects: 8.115200 ms  DeleteObjects: 0.302300 ms)

AssetImportParameters requested are different than current active one (requested -> active):
  custom:video-decoder-ogg-theora: a1e56fd34408186e4bbccfd4996cb3dc -> 
  custom:container-muxer-webm: aa71ff27fc2769a1b78a27578f13a17b -> 
  custom:container-demuxer-webm: 4f35f7cbe854078d1ac9338744f61a02 -> 
  custom:video-encoder-webm-vp8: eb34c28f22e8b96e1ab97ce403110664 -> 
  custom:audio-encoder-webm-vorbis: bf7c407c2cedff20999df2af8eb42d56 -> 
  custom:framework-win-MediaFoundation: 216162199b28c13a410421893ffa2e32 -> 
  custom:container-demuxer-ogg: 62fdf1f143b41e24485cea50d1cbac27 -> 
  custom:video-decoder-webm-vp8: 9c59270c3fd7afecdb556c50c9e8de78 -> 
  custom:audio-decoder-ogg-vorbis: bf7c407c2cedff20999df2af8eb42d56 -> 
========================================================================
Received Import Request.
  Time since last request: 1043469.200927 seconds.
  path: Assets/station/NavMesh.asset
  artifactKey: Guid(a2e13b43c81c0f446bee3071bc2fe43e) Importer(815301076,1909f56bfc062723c751e8b465ee728b)
Start importing Assets/station/NavMesh.asset using Guid(a2e13b43c81c0f446bee3071bc2fe43e) Importer(815301076,1909f56bfc062723c751e8b465ee728b)  -> (artifact id: 'a1d9f607c02f13dbe432828aaabafc05') in 0.366350 seconds 
========================================================================
Received Import Request.
  Time since last request: 0.359158 seconds.
  path: Assets/Textures/AdditiveSheet.psd
  artifactKey: Guid(22722767589214d4a87adc0ab8a6c081) Importer(815301076,1909f56bfc062723c751e8b465ee728b)
Start importing Assets/Textures/AdditiveSheet.psd using Guid(22722767589214d4a87adc0ab8a6c081) Importer(815301076,1909f56bfc062723c751e8b465ee728b)  -> (artifact id: 'bf3c827583c10425f309ff0a83c9d9cd') in 0.392339 seconds 
========================================================================
Received Import Request.
  Time since last request: 0.000039 seconds.
  path: Assets/Textures/Crate_NRM.psd
  artifactKey: Guid(79ab019fc261b4f4dbbd1ce68f62672e) Importer(815301076,1909f56bfc062723c751e8b465ee728b)
Start importing Assets/Textures/Crate_NRM.psd using Guid(79ab019fc261b4f4dbbd1ce68f62672e) Importer(815301076,1909f56bfc062723c751e8b465ee728b)  -> (artifact id: '756b13921094f46be62f1a3c2aca001e') in 0.480268 seconds 
========================================================================
Received Import Request.
  Time since last request: 0.000043 seconds.
  path: Assets/Textures/Generator_A.png
  artifactKey: Guid(156d042ab65f9409196ee53f9b77e827) Importer(815301076,1909f56bfc062723c751e8b465ee728b)
Start importing Assets/Textures/Generator_A.png using Guid(156d042ab65f9409196ee53f9b77e827) Importer(815301076,1909f56bfc062723c751e8b465ee728b)  -> (artifact id: '4a5272b51cf3850b2f29619995cb89f8') in 0.190508 seconds 
========================================================================
Received Import Request.
  Time since last request: 0.000046 seconds.
  path: Assets/Textures/MetalPlating.png
  artifactKey: Guid(ae3b25da514c5472a86399f975e84291) Importer(815301076,1909f56bfc062723c751e8b465ee728b)
Start importing Assets/Textures/MetalPlating.png using Guid(ae3b25da514c5472a86399f975e84291) Importer(815301076,1909f56bfc062723c751e8b465ee728b)  -> (artifact id: 'e46eb24d7e0c31dfffdab15a2294b3b6') in 0.301956 seconds 
========================================================================
Received Import Request.
  Time since last request: 0.000035 seconds.
  path: Assets/Textures/FloorHex_NRM.png
  artifactKey: Guid(8e4fad6d064a247728f7fa3f3fcf12ca) Importer(815301076,1909f56bfc062723c751e8b465ee728b)
Start importing Assets/Textures/FloorHex_NRM.png using Guid(8e4fad6d064a247728f7fa3f3fcf12ca) Importer(815301076,1909f56bfc062723c751e8b465ee728b)  -> (artifact id: '997a3728e3d3257c589fb4e7beb40bed') in 0.039576 seconds 
========================================================================
Received Import Request.
  Time since last request: 0.000034 seconds.
  path: Assets/Textures/Decals.psd
  artifactKey: Guid(a95a40dacde3d426eaa159d6177565fa) Importer(815301076,1909f56bfc062723c751e8b465ee728b)
Start importing Assets/Textures/Decals.psd using Guid(a95a40dacde3d426eaa159d6177565fa) Importer(815301076,1909f56bfc062723c751e8b465ee728b)  -> (artifact id: '8265f14c4796548e5be370d53e4e5753') in 0.129552 seconds 
========================================================================
Received Import Request.
  Time since last request: 0.000038 seconds.
  path: Assets/Textures/Pipes_NRM.psd
  artifactKey: Guid(b831e5a81c0a646e8ae05c1c13d4545d) Importer(815301076,1909f56bfc062723c751e8b465ee728b)
Start importing Assets/Textures/Pipes_NRM.psd using Guid(b831e5a81c0a646e8ae05c1c13d4545d) Importer(815301076,1909f56bfc062723c751e8b465ee728b)  -> (artifact id: '66e614c928aeffd8e1c7a54176965255') in 0.150976 seconds 
========================================================================
Received Import Request.
  Time since last request: 0.000048 seconds.
  path: Assets/Textures/WallsIlluminated.psd
  artifactKey: Guid(92e79835aa8fa4567b78f7946fafd236) Importer(815301076,1909f56bfc062723c751e8b465ee728b)
Start importing Assets/Textures/WallsIlluminated.psd using Guid(92e79835aa8fa4567b78f7946fafd236) Importer(815301076,1909f56bfc062723c751e8b465ee728b)  -> (artifact id: '7705c174cca24a76072fd9a3eee56146') in 0.117185 seconds 
========================================================================
Received Import Request.
  Time since last request: 0.000044 seconds.
  path: Assets/Textures/Crate_A.psd
  artifactKey: Guid(d584947c01ba945f69876f1fbb3c6c9a) Importer(815301076,1909f56bfc062723c751e8b465ee728b)
Start importing Assets/Textures/Crate_A.psd using Guid(d584947c01ba945f69876f1fbb3c6c9a) Importer(815301076,1909f56bfc062723c751e8b465ee728b)  -> (artifact id: 'd39f87dd687bfcec0435da16cc223cb4') in 0.140682 seconds 
========================================================================
Received Import Request.
  Time since last request: 0.000039 seconds.
  path: Assets/Textures/Props.psd
  artifactKey: Guid(beb1fac6ac9ed4ab09ccae8e4a3ccffb) Importer(815301076,1909f56bfc062723c751e8b465ee728b)
Start importing Assets/Textures/Props.psd using Guid(beb1fac6ac9ed4ab09ccae8e4a3ccffb) Importer(815301076,1909f56bfc062723c751e8b465ee728b)  -> (artifact id: '275d4f745ee576ca55add755013cb0a1') in 0.387793 seconds 
========================================================================
Received Import Request.
  Time since last request: 0.000033 seconds.
  path: Assets/Textures/Pipes.png
  artifactKey: Guid(f4433a5b3b5684612a71bc81cb38fce4) Importer(815301076,1909f56bfc062723c751e8b465ee728b)
Start importing Assets/Textures/Pipes.png using Guid(f4433a5b3b5684612a71bc81cb38fce4) Importer(815301076,1909f56bfc062723c751e8b465ee728b)  -> (artifact id: '3e671b6c40bc164e6089b0ceded3c29e') in 0.231757 seconds 
========================================================================
Received Import Request.
  Time since last request: 0.000048 seconds.
  path: Assets/Textures/CliffRock_NRM.png
  artifactKey: Guid(2cbc74770d30d45ccbb691e95fa7a238) Importer(815301076,1909f56bfc062723c751e8b465ee728b)
Start importing Assets/Textures/CliffRock_NRM.png using Guid(2cbc74770d30d45ccbb691e95fa7a238) Importer(815301076,1909f56bfc062723c751e8b465ee728b)  -> (artifact id: '2a36e40781f4932266d2a9cb59476256') in 0.324724 seconds 
========================================================================
Received Import Request.
  Time since last request: 0.000036 seconds.
  path: Assets/Textures/WallsIlluminated_NRM.psd
  artifactKey: Guid(44f6c3f48a8a34d33a7f0ad70c9d0f1d) Importer(815301076,1909f56bfc062723c751e8b465ee728b)
Start importing Assets/Textures/WallsIlluminated_NRM.psd using Guid(44f6c3f48a8a34d33a7f0ad70c9d0f1d) Importer(815301076,1909f56bfc062723c751e8b465ee728b)  -> (artifact id: 'ee460af2b44e340b1fe90242da421be9') in 0.048765 seconds 
========================================================================
Received Import Request.
  Time since last request: 0.000045 seconds.
  path: Assets/Textures/WallPanel_E.png
  artifactKey: Guid(664cc1fc16c55414680cbf25e309b129) Importer(815301076,1909f56bfc062723c751e8b465ee728b)
Start importing Assets/Textures/WallPanel_E.png using Guid(664cc1fc16c55414680cbf25e309b129) Importer(815301076,1909f56bfc062723c751e8b465ee728b)  -> (artifact id: '7338f9c3d5b7163d362454784830bf59') in 0.098499 seconds 
========================================================================
Received Import Request.
  Time since last request: 0.000032 seconds.
  path: Assets/Textures/Props_NRM.png
  artifactKey: Guid(602d363c762ea44148fc67027126824a) Importer(815301076,1909f56bfc062723c751e8b465ee728b)
Start importing Assets/Textures/Props_NRM.png using Guid(602d363c762ea44148fc67027126824a) Importer(815301076,1909f56bfc062723c751e8b465ee728b)  -> (artifact id: '5ee06df71d3b3644085162d1a301e5c3') in 0.465400 seconds 
========================================================================
Received Import Request.
  Time since last request: 0.002383 seconds.
  path: Assets/Textures/RobotArm.png
  artifactKey: Guid(29edd4f4ad40342628aa739a01616638) Importer(815301076,1909f56bfc062723c751e8b465ee728b)
Start importing Assets/Textures/RobotArm.png using Guid(29edd4f4ad40342628aa739a01616638) Importer(815301076,1909f56bfc062723c751e8b465ee728b)  -> (artifact id: '807c948830bd0a6dcab239b2ac344a68') in 0.102943 seconds 
========================================================================
Received Import Request.
  Time since last request: 0.000038 seconds.
  path: Assets/Textures/WallPanel_D.png
  artifactKey: Guid(228f8b0f487a0422f95c1d5e101fdae3) Importer(815301076,1909f56bfc062723c751e8b465ee728b)
Start importing Assets/Textures/WallPanel_D.png using Guid(228f8b0f487a0422f95c1d5e101fdae3) Importer(815301076,1909f56bfc062723c751e8b465ee728b)  -> (artifact id: 'f75fff3e9a689bff9d0a5ecc390cece5') in 0.166485 seconds 
========================================================================
Received Import Request.
  Time since last request: 0.000047 seconds.
  path: Assets/Textures/ConveyorBelt_NRM.png
  artifactKey: Guid(223a5dea47c35448bab2fd2385f81039) Importer(815301076,1909f56bfc062723c751e8b465ee728b)
Start importing Assets/Textures/ConveyorBelt_NRM.png using Guid(223a5dea47c35448bab2fd2385f81039) Importer(815301076,1909f56bfc062723c751e8b465ee728b)  -> (artifact id: 'a0a1afdb3cb6e2cdf9ee6fb7ef568d28') in 0.284521 seconds 
========================================================================
Received Prepare
Registering precompiled user dll's ...
Registered in 0.005056 seconds.
Begin MonoManager ReloadAssembly
Native extension for WindowsStandalone target not found
Native extension for WebGL target not found
Refreshing native plugins compatible for Editor in 1.52 ms, found 3 plugins.
Preloading 0 native plugins for Editor in 0.00 ms.
Mono: successfully reloaded assembly
- Completed reload, in  1.172 seconds
Domain Reload Profiling:
	ReloadAssembly (1173ms)
		BeginReloadAssembly (156ms)
			ExecutionOrderSort (0ms)
			DisableScriptedObjects (8ms)
			BackupInstance (0ms)
			ReleaseScriptingObjects (0ms)
			CreateAndSetChildDomain (37ms)
		EndReloadAssembly (892ms)
			LoadAssemblies (127ms)
			RebuildTransferFunctionScriptingTraits (0ms)
			SetupTypeCache (262ms)
			ReleaseScriptCaches (2ms)
			RebuildScriptCaches (62ms)
			SetupLoadedEditorAssemblies (396ms)
				LogAssemblyErrors (0ms)
				InitializePlatformSupportModulesInManaged (19ms)
				SetLoadedEditorAssemblies (1ms)
				RefreshPlugins (2ms)
				BeforeProcessingInitializeOnLoad (96ms)
				ProcessInitializeOnLoadAttributes (236ms)
				ProcessInitializeOnLoadMethodAttributes (30ms)
				AfterProcessingInitializeOnLoad (12ms)
				EditorAssembliesLoaded (0ms)
			ExecutionOrderSort2 (0ms)
			AwakeInstancesAfterBackupRestoration (8ms)
Platform modules already initialized, skipping
Refreshing native plugins compatible for Editor in 2.44 ms, found 3 plugins.
Preloading 0 native plugins for Editor in 0.00 ms.
Unloading 3107 Unused Serialized files (Serialized files now loaded: 0)
Unloading 20 unused Assets / (219.3 KB). Loaded Objects now: 3586.
Memory consumption went from 113.8 MB to 113.6 MB.
Total: 3.818600 ms (FindLiveObjects: 0.276800 ms CreateObjectMapping: 0.161700 ms MarkObjects: 3.201500 ms  DeleteObjects: 0.177300 ms)

AssetImportParameters requested are different than current active one (requested -> active):
  custom:video-decoder-ogg-theora: a1e56fd34408186e4bbccfd4996cb3dc -> 
  custom:container-muxer-webm: aa71ff27fc2769a1b78a27578f13a17b -> 
  custom:container-demuxer-webm: 4f35f7cbe854078d1ac9338744f61a02 -> 
  custom:video-encoder-webm-vp8: eb34c28f22e8b96e1ab97ce403110664 -> 
  custom:audio-encoder-webm-vorbis: bf7c407c2cedff20999df2af8eb42d56 -> 
  custom:framework-win-MediaFoundation: 216162199b28c13a410421893ffa2e32 -> 
  custom:container-demuxer-ogg: 62fdf1f143b41e24485cea50d1cbac27 -> 
  custom:video-decoder-webm-vp8: 9c59270c3fd7afecdb556c50c9e8de78 -> 
  custom:audio-decoder-ogg-vorbis: bf7c407c2cedff20999df2af8eb42d56 -> 
========================================================================
Received Prepare
Registering precompiled user dll's ...
Registered in 0.004969 seconds.
Begin MonoManager ReloadAssembly
Native extension for WindowsStandalone target not found
Native extension for WebGL target not found
Refreshing native plugins compatible for Editor in 0.66 ms, found 3 plugins.
Preloading 0 native plugins for Editor in 0.00 ms.
Mono: successfully reloaded assembly
- Completed reload, in  1.201 seconds
Domain Reload Profiling:
	ReloadAssembly (1202ms)
		BeginReloadAssembly (164ms)
			ExecutionOrderSort (0ms)
			DisableScriptedObjects (9ms)
			BackupInstance (0ms)
			ReleaseScriptingObjects (0ms)
			CreateAndSetChildDomain (35ms)
		EndReloadAssembly (913ms)
			LoadAssemblies (120ms)
			RebuildTransferFunctionScriptingTraits (0ms)
			SetupTypeCache (251ms)
			ReleaseScriptCaches (2ms)
			RebuildScriptCaches (66ms)
			SetupLoadedEditorAssemblies (426ms)
				LogAssemblyErrors (0ms)
				InitializePlatformSupportModulesInManaged (18ms)
				SetLoadedEditorAssemblies (1ms)
				RefreshPlugins (1ms)
				BeforeProcessingInitializeOnLoad (112ms)
				ProcessInitializeOnLoadAttributes (253ms)
				ProcessInitializeOnLoadMethodAttributes (31ms)
				AfterProcessingInitializeOnLoad (11ms)
				EditorAssembliesLoaded (0ms)
			ExecutionOrderSort2 (0ms)
			AwakeInstancesAfterBackupRestoration (8ms)
Platform modules already initialized, skipping
Refreshing native plugins compatible for Editor in 1.89 ms, found 3 plugins.
Preloading 0 native plugins for Editor in 0.00 ms.
Unloading 3107 Unused Serialized files (Serialized files now loaded: 0)
Unloading 20 unused Assets / (219.3 KB). Loaded Objects now: 3589.
Memory consumption went from 113.8 MB to 113.6 MB.
Total: 3.426500 ms (FindLiveObjects: 0.243100 ms CreateObjectMapping: 0.088400 ms MarkObjects: 2.926900 ms  DeleteObjects: 0.167000 ms)

AssetImportParameters requested are different than current active one (requested -> active):
  custom:video-decoder-ogg-theora: a1e56fd34408186e4bbccfd4996cb3dc -> 
  custom:container-muxer-webm: aa71ff27fc2769a1b78a27578f13a17b -> 
  custom:container-demuxer-webm: 4f35f7cbe854078d1ac9338744f61a02 -> 
  custom:video-encoder-webm-vp8: eb34c28f22e8b96e1ab97ce403110664 -> 
  custom:audio-encoder-webm-vorbis: bf7c407c2cedff20999df2af8eb42d56 -> 
  custom:framework-win-MediaFoundation: 216162199b28c13a410421893ffa2e32 -> 
  custom:container-demuxer-ogg: 62fdf1f143b41e24485cea50d1cbac27 -> 
  custom:video-decoder-webm-vp8: 9c59270c3fd7afecdb556c50c9e8de78 -> 
  custom:audio-decoder-ogg-vorbis: bf7c407c2cedff20999df2af8eb42d56 -> 
========================================================================
Received Import Request.
  Time since last request: 280.697104 seconds.
  path: Assets/Scripts/AIControl.cs
  artifactKey: Guid(716bc4c93532bac4bbde18ea513cd23f) Importer(815301076,1909f56bfc062723c751e8b465ee728b)
Start importing Assets/Scripts/AIControl.cs using Guid(716bc4c93532bac4bbde18ea513cd23f) Importer(815301076,1909f56bfc062723c751e8b465ee728b)  -> (artifact id: 'c76786475cb28c8046383fdc9754dc72') in 0.059052 seconds 
========================================================================
Received Import Request.
  Time since last request: 44.191866 seconds.
  path: Assets/Scripts/AgentManager.cs
  artifactKey: Guid(d1ad476431f2d2a409cb07f97393463d) Importer(815301076,1909f56bfc062723c751e8b465ee728b)
Start importing Assets/Scripts/AgentManager.cs using Guid(d1ad476431f2d2a409cb07f97393463d) Importer(815301076,1909f56bfc062723c751e8b465ee728b)  -> (artifact id: 'd1d170d33f553a57ce63af9a8a81655b') in 4.744397 seconds 
========================================================================
Received Prepare
Registering precompiled user dll's ...
Registered in 0.007958 seconds.
Begin MonoManager ReloadAssembly
Native extension for WindowsStandalone target not found
Native extension for WebGL target not found
Refreshing native plugins compatible for Editor in 1.33 ms, found 3 plugins.
Preloading 0 native plugins for Editor in 0.00 ms.
Mono: successfully reloaded assembly
- Completed reload, in  3.078 seconds
Domain Reload Profiling:
	ReloadAssembly (3079ms)
		BeginReloadAssembly (342ms)
			ExecutionOrderSort (0ms)
			DisableScriptedObjects (17ms)
			BackupInstance (0ms)
			ReleaseScriptingObjects (0ms)
			CreateAndSetChildDomain (81ms)
		EndReloadAssembly (2434ms)
			LoadAssemblies (268ms)
			RebuildTransferFunctionScriptingTraits (0ms)
			SetupTypeCache (569ms)
			ReleaseScriptCaches (3ms)
			RebuildScriptCaches (238ms)
			SetupLoadedEditorAssemblies (1264ms)
				LogAssemblyErrors (0ms)
				InitializePlatformSupportModulesInManaged (34ms)
				SetLoadedEditorAssemblies (1ms)
				RefreshPlugins (2ms)
				BeforeProcessingInitializeOnLoad (309ms)
				ProcessInitializeOnLoadAttributes (581ms)
				ProcessInitializeOnLoadMethodAttributes (294ms)
				AfterProcessingInitializeOnLoad (42ms)
				EditorAssembliesLoaded (0ms)
			ExecutionOrderSort2 (0ms)
			AwakeInstancesAfterBackupRestoration (30ms)
Platform modules already initialized, skipping
Refreshing native plugins compatible for Editor in 2.03 ms, found 3 plugins.
Preloading 0 native plugins for Editor in 0.00 ms.
Unloading 3107 Unused Serialized files (Serialized files now loaded: 0)
Unloading 20 unused Assets / (219.4 KB). Loaded Objects now: 3592.
Memory consumption went from 113.8 MB to 113.6 MB.
Total: 4.838700 ms (FindLiveObjects: 0.542200 ms CreateObjectMapping: 0.150500 ms MarkObjects: 3.761600 ms  DeleteObjects: 0.381300 ms)

AssetImportParameters requested are different than current active one (requested -> active):
  custom:video-decoder-ogg-theora: a1e56fd34408186e4bbccfd4996cb3dc -> 
  custom:container-muxer-webm: aa71ff27fc2769a1b78a27578f13a17b -> 
  custom:container-demuxer-webm: 4f35f7cbe854078d1ac9338744f61a02 -> 
  custom:video-encoder-webm-vp8: eb34c28f22e8b96e1ab97ce403110664 -> 
  custom:audio-encoder-webm-vorbis: bf7c407c2cedff20999df2af8eb42d56 -> 
  custom:framework-win-MediaFoundation: 216162199b28c13a410421893ffa2e32 -> 
  custom:container-demuxer-ogg: 62fdf1f143b41e24485cea50d1cbac27 -> 
  custom:video-decoder-webm-vp8: 9c59270c3fd7afecdb556c50c9e8de78 -> 
  custom:audio-decoder-ogg-vorbis: bf7c407c2cedff20999df2af8eb42d56 -> 
========================================================================
Received Import Request.
  Time since last request: 1497.749265 seconds.
  path: Assets/Scripts/AgentManager.cs
  artifactKey: Guid(d1ad476431f2d2a409cb07f97393463d) Importer(815301076,1909f56bfc062723c751e8b465ee728b)
Start importing Assets/Scripts/AgentManager.cs using Guid(d1ad476431f2d2a409cb07f97393463d) Importer(815301076,1909f56bfc062723c751e8b465ee728b)  -> (artifact id: '00000000000000000000000000000000') in 0.001995 seconds  code(4) message(Build asset version error: assets/scripts/agentmanager.cs in SourceAssetDB has modification time of '2022-05-13T21:54:14.2046722Z' while content on disk has modification time of '2022-05-13T21:59:13.367371Z')
  ERROR: Build asset version error: assets/scripts/agentmanager.cs in SourceAssetDB has modification time of '2022-05-13T21:54:14.2046722Z' while content on disk has modification time of '2022-05-13T21:59:13.367371Z'
========================================================================
Received Import Request.
  Time since last request: 0.000045 seconds.
  path: Assets/Blue.mat
  artifactKey: Guid(511815fd84ba78d47af0bf5aa8a49339) Importer(815301076,1909f56bfc062723c751e8b465ee728b)
Start importing Assets/Blue.mat using Guid(511815fd84ba78d47af0bf5aa8a49339) Importer(815301076,1909f56bfc062723c751e8b465ee728b)  -> (artifact id: '58e9c7822f2d656cdc38be5cdb20a263') in 1.189202 seconds 
========================================================================
Received Import Request.
  Time since last request: 0.000039 seconds.
  path: Assets/red.mat
  artifactKey: Guid(c3cc23d02a6ad57449212e10e2882b12) Importer(815301076,1909f56bfc062723c751e8b465ee728b)
Start importing Assets/red.mat using Guid(c3cc23d02a6ad57449212e10e2882b12) Importer(815301076,1909f56bfc062723c751e8b465ee728b)  -> (artifact id: '318d229d21a47d379206800fe9d4afd7') in 0.160429 seconds 
========================================================================
Received Prepare
Registering precompiled user dll's ...
Registered in 0.008163 seconds.
Begin MonoManager ReloadAssembly
Native extension for WindowsStandalone target not found
Native extension for WebGL target not found
Refreshing native plugins compatible for Editor in 0.98 ms, found 3 plugins.
Preloading 0 native plugins for Editor in 0.00 ms.
Mono: successfully reloaded assembly
- Completed reload, in  1.963 seconds
Domain Reload Profiling:
	ReloadAssembly (1964ms)
		BeginReloadAssembly (222ms)
			ExecutionOrderSort (0ms)
			DisableScriptedObjects (6ms)
			BackupInstance (0ms)
			ReleaseScriptingObjects (0ms)
			CreateAndSetChildDomain (50ms)
		EndReloadAssembly (1545ms)
			LoadAssemblies (156ms)
			RebuildTransferFunctionScriptingTraits (0ms)
			SetupTypeCache (499ms)
			ReleaseScriptCaches (2ms)
			RebuildScriptCaches (145ms)
			SetupLoadedEditorAssemblies (665ms)
				LogAssemblyErrors (0ms)
				InitializePlatformSupportModulesInManaged (31ms)
				SetLoadedEditorAssemblies (1ms)
				RefreshPlugins (1ms)
				BeforeProcessingInitializeOnLoad (154ms)
				ProcessInitializeOnLoadAttributes (416ms)
				ProcessInitializeOnLoadMethodAttributes (45ms)
				AfterProcessingInitializeOnLoad (17ms)
				EditorAssembliesLoaded (0ms)
			ExecutionOrderSort2 (0ms)
			AwakeInstancesAfterBackupRestoration (13ms)
Platform modules already initialized, skipping
Refreshing native plugins compatible for Editor in 3.01 ms, found 3 plugins.
Preloading 0 native plugins for Editor in 0.00 ms.
Unloading 3107 Unused Serialized files (Serialized files now loaded: 0)
Unloading 20 unused Assets / (219.5 KB). Loaded Objects now: 3632.
Memory consumption went from 114.1 MB to 113.9 MB.
Total: 32.503300 ms (FindLiveObjects: 0.417600 ms CreateObjectMapping: 0.126600 ms MarkObjects: 31.697300 ms  DeleteObjects: 0.259900 ms)

AssetImportParameters requested are different than current active one (requested -> active):
  custom:video-decoder-ogg-theora: a1e56fd34408186e4bbccfd4996cb3dc -> 
  custom:container-muxer-webm: aa71ff27fc2769a1b78a27578f13a17b -> 
  custom:container-demuxer-webm: 4f35f7cbe854078d1ac9338744f61a02 -> 
  custom:video-encoder-webm-vp8: eb34c28f22e8b96e1ab97ce403110664 -> 
  custom:audio-encoder-webm-vorbis: bf7c407c2cedff20999df2af8eb42d56 -> 
  custom:framework-win-MediaFoundation: 216162199b28c13a410421893ffa2e32 -> 
  custom:container-demuxer-ogg: 62fdf1f143b41e24485cea50d1cbac27 -> 
  custom:video-decoder-webm-vp8: 9c59270c3fd7afecdb556c50c9e8de78 -> 
  custom:audio-decoder-ogg-vorbis: bf7c407c2cedff20999df2af8eb42d56 -> 
========================================================================
Received Import Request.
  Time since last request: 12.168657 seconds.
  path: Assets/Scripts/AgentManager.cs
  artifactKey: Guid(d1ad476431f2d2a409cb07f97393463d) Importer(815301076,1909f56bfc062723c751e8b465ee728b)
Start importing Assets/Scripts/AgentManager.cs using Guid(d1ad476431f2d2a409cb07f97393463d) Importer(815301076,1909f56bfc062723c751e8b465ee728b)  -> (artifact id: '5b7be6935ddb695a369f173fb974ef43') in 0.036910 seconds 
